<?xml version="1.0" encoding="UTF-8" ?>
<testsuite tests="5" failures="0" name="test.ljl.AppTest" time="0.025" errors="2" skipped="3">
  <properties>
[...]
</properties>
  <testcase classname="Scenario: 在淘宝页面发送请求，返回结果" name="Given 当我访问淘宝官网" time="0.002">
    <error message="Cannot locate configuration source config.xml" type="org.apache.commons.configuration.ConfigurationException">org.apache.commons.configuration.ConfigurationException: Cannot locate configuration source config.xml
	at org.apache.commons.configuration.AbstractFileConfiguration.load(AbstractFileConfiguration.java:217)
	at org.apache.commons.configuration.AbstractFileConfiguration.load(AbstractFileConfiguration.java:197)
	at org.apache.commons.configuration.AbstractHierarchicalFileConfiguration.load(AbstractHierarchicalFileConfiguration.java:164)
	at org.apache.commons.configuration.AbstractHierarchicalFileConfiguration.&lt;init&gt;(AbstractHierarchicalFileConfiguration.java:91)
	at org.apache.commons.configuration.XMLConfiguration.&lt;init&gt;(XMLConfiguration.java:243)
	at test.ljl.DemoImplement.CurDriver(DemoImplement.java:28)
	at test.ljl.DemoImplement.total(DemoImplement.java:40)
	at ✽.Given 当我访问淘宝官网(todo.feature:18)
</error>
    <system-out>@search @all
Feature: 在电商首页测试搜索功能
</system-out>
  </testcase>
  <testcase classname="Scenario: 在淘宝页面发送请求，返回结果" name="Scenario: 在淘宝页面发送请求，返回结果" time="0.003">
    <error message="Cannot locate configuration source config.xml" type="org.apache.commons.configuration.ConfigurationException">org.apache.commons.configuration.ConfigurationException: Cannot locate configuration source config.xml
	at org.apache.commons.configuration.AbstractFileConfiguration.load(AbstractFileConfiguration.java:217)
	at org.apache.commons.configuration.AbstractFileConfiguration.load(AbstractFileConfiguration.java:197)
	at org.apache.commons.configuration.AbstractHierarchicalFileConfiguration.load(AbstractHierarchicalFileConfiguration.java:164)
	at org.apache.commons.configuration.AbstractHierarchicalFileConfiguration.&lt;init&gt;(AbstractHierarchicalFileConfiguration.java:91)
	at org.apache.commons.configuration.XMLConfiguration.&lt;init&gt;(XMLConfiguration.java:243)
	at test.ljl.DemoImplement.CurDriver(DemoImplement.java:28)
	at test.ljl.DemoImplement.total(DemoImplement.java:40)
	at ✽.Given 当我访问淘宝官网(todo.feature:18)
</error>
  </testcase>
  <testcase classname="Scenario: 在淘宝页面发送请求，返回结果" name="When 发送一个get请求" time="0.004">
    <skipped/>
  </testcase>
  <testcase classname="Scenario: 在淘宝页面发送请求，返回结果" name="Then 返回请求结果及其http code" time="0.004">
    <skipped/>
  </testcase>
  <testcase classname="Scenario: 在淘宝页面发送请求，返回结果" name="Scenario: 在淘宝页面发送请求，返回结果" time="0.012">
    <skipped/>
  </testcase>
</testsuite>